<?xml version="1.0" encoding="UTF-8"?>
<testng-results ignored="0" total="1" passed="1" failed="0" skipped="0">
  <reporter-output>
  </reporter-output>
  <suite started-at="2026-03-16T08:53:24 IST" name="Default suite" finished-at="2026-03-16T08:53:27 IST" duration-ms="3241">
    <groups>
    </groups>
    <test started-at="2026-03-16T08:53:24 IST" name="Default test" finished-at="2026-03-16T08:53:27 IST" duration-ms="3241">
      <class name="practice.login1">
        <test-method is-config="true" signature="beforeclass()[pri:0, instance:practice.login1@55141def]" started-at="2026-03-16T08:53:24 IST" name="beforeclass" finished-at="2026-03-16T08:53:26 IST" duration-ms="2561" status="PASS">
          <reporter-output>
          </reporter-output>
        </test-method> <!-- beforeclass -->
        <test-method signature="login()[pri:0, instance:practice.login1@55141def]" started-at="2026-03-16T08:53:26 IST" name="login" finished-at="2026-03-16T08:53:27 IST" duration-ms="641" status="PASS">
          <reporter-output>
          </reporter-output>
        </test-method> <!-- login -->
      </class> <!-- practice.login1 -->
    </test> <!-- Default test -->
  </suite> <!-- Default suite -->
</testng-results>
