<?xml version="1.0" encoding="UTF-8"?>
<!-- Generated by org.testng.reporters.JUnitReportReporter -->
<testsuite hostname="swetha" failures="0" tests="5" name="Task.TestCase1" time="43.610" errors="0" timestamp="2026-03-12T11:27:00 IST" skipped="0">
  <testcase classname="Task.TestCase1" name="launchinbrowser" time="1.177"/>
  <testcase classname="Task.TestCase1" name="login" time="7.057"/>
  <testcase classname="Task.TestCase1" name="PIM" time="23.963"/>
  <testcase classname="Task.TestCase1" name="admin" time="8.944"/>
  <testcase classname="Task.TestCase1" name="logOut" time="2.469"/>
</testsuite> <!-- Task.TestCase1 -->
