<?xml version="1.0" encoding="UTF-8"?>
<!-- Generated by org.testng.reporters.JUnitReportReporter -->
<testsuite hostname="swetha" failures="0" tests="3" name="practice.DemoTest" time="0.022" errors="0" timestamp="2026-03-13T08:20:07 IST" skipped="0">
  <testcase classname="practice.DemoTest" name="addEmployee" time="0.004"/>
  <testcase classname="practice.DemoTest" name="logOut" time="0.006"/>
  <testcase classname="practice.DemoTest" name="login" time="0.012"/>
</testsuite> <!-- practice.DemoTest -->
