<?xml version="1.0" encoding="UTF-8"?>
<!-- Generated by org.testng.reporters.JUnitReportReporter -->
<testsuite hostname="swetha" failures="0" tests="5" name="Task.Week3Test1" time="3.818" errors="0" timestamp="2026-03-13T14:33:23 IST" skipped="0">
  <testcase classname="Task.Week3Test1" name="launching" time="1.757"/>
  <testcase classname="Task.Week3Test1" name="login" time="0.963"/>
  <testcase classname="Task.Week3Test1" name="validate" time="0.044"/>
  <testcase classname="Task.Week3Test1" name="addtocart" time="0.743"/>
  <testcase classname="Task.Week3Test1" name="logout" time="0.311"/>
</testsuite> <!-- Task.Week3Test1 -->
