<?xml version="1.0" encoding="UTF-8"?>
<!-- Generated by org.testng.reporters.JUnitReportReporter -->
<testsuite hostname="swetha" failures="0" tests="5" name="Task.Week3Test2" time="4.396" errors="0" timestamp="2026-03-13T14:15:25 IST" skipped="0">
  <testcase classname="Task.Week3Test2" name="launching" time="2.360"/>
  <testcase classname="Task.Week3Test2" name="login" time="0.880"/>
  <testcase classname="Task.Week3Test2" name="price" time="0.452"/>
  <testcase classname="Task.Week3Test2" name="checkout" time="0.387"/>
  <testcase classname="Task.Week3Test2" name="logout" time="0.317"/>
</testsuite> <!-- Task.Week3Test2 -->
