<?xml version="1.0" encoding="UTF-8"?>
<!-- Generated by org.testng.reporters.JUnitReportReporter -->
<testsuite hostname="swetha" failures="0" tests="3" name="Task.TestBaseClass1" time="19.843" errors="0" timestamp="2026-03-13T09:21:18 IST" skipped="0">
  <testcase classname="Task.TestBaseClass1" name="beforeMethod" time="5.251">
    <system-out>
      <![CDATA[Executing BeforeMethd]]>
    </system-out>
  </testcase> <!-- beforeMethod -->
  <testcase classname="Task.TestBaseClass1" name="beforeMethod" time="7.166">
    <system-out>
      <![CDATA[Executing BeforeMethd]]>
    </system-out>
  </testcase> <!-- beforeMethod -->
  <testcase classname="Task.TestBaseClass1" name="beforeMethod" time="7.426">
    <system-out>
      <![CDATA[Executing BeforeMethd]]>
    </system-out>
  </testcase> <!-- beforeMethod -->
  <system-out>
    <![CDATA[Executing BeforeSuite
Executing BeforeTest
Executing BeforeTest
Executing BeforeTest
Executing Beforeclass
Executing Beforeclass
Executing Beforeclass
Executing BeforeMethd
Executing BeforeMethd
Executing AfterMethod
Executing AfterClass
Executing AfterTest
Executing AfterMethod
Executing AfterClass
Executing AfterTest
Executing BeforeMethd
Executing AfterMethod
Executing AfterClass
Executing AfterTest
Executing AfterSuite]]>
  </system-out>
</testsuite> <!-- Task.TestBaseClass1 -->
